<?xml version="1.0"?>
<!DOCTYPE coverage SYSTEM "http://cobertura.sourceforge.net/xml/coverage-04.dtd">

<coverage line-rate="0.25" branch-rate="1.0" lines-covered="3" lines-valid="12" branches-covered="0" branches-valid="0" complexity="1.0" version="1.9.4.1" timestamp="1448254334514">
	<sources>
		<source>--source</source>
		<source>D:/Saket/SampleWebApplication/src/main/java</source>
	</sources>
	<packages>
		<package name="com.javacodegeeks.controller" line-rate="0.25" branch-rate="1.0" complexity="1.0">
			<classes>
				<class name="com.javacodegeeks.controller.App" filename="com/javacodegeeks/controller/App.java" line-rate="1.0" branch-rate="1.0" complexity="1.0">
					<methods>
						<method name="&lt;init&gt;" signature="()V" line-rate="1.0" branch-rate="1.0">
							<lines>
								<line number="2" hits="1" branch="false"/>
							</lines>
						</method>
						<method name="getHelloWorld" signature="()Ljava/lang/String;" line-rate="1.0" branch-rate="1.0">
							<lines>
								<line number="5" hits="1" branch="false"/>
							</lines>
						</method>
						<method name="getHelloWorld2" signature="()Ljava/lang/String;" line-rate="1.0" branch-rate="1.0">
							<lines>
								<line number="9" hits="2" branch="false"/>
							</lines>
						</method>
					</methods>
					<lines>
						<line number="2" hits="1" branch="false"/>
						<line number="5" hits="1" branch="false"/>
						<line number="9" hits="2" branch="false"/>
					</lines>
				</class>
				<class name="com.javacodegeeks.controller.ApplicationController" filename="com/javacodegeeks/controller/ApplicationController.java" line-rate="0.0" branch-rate="1.0" complexity="1.0">
					<methods>
						<method name="&lt;init&gt;" signature="()V" line-rate="0.0" branch-rate="1.0">
							<lines>
								<line number="13" hits="0" branch="false"/>
							</lines>
						</method>
						<method name="welcome" signature="(Lorg/springframework/ui/ModelMap;)Ljava/lang/String;" line-rate="0.0" branch-rate="1.0">
							<lines>
								<line number="17" hits="0" branch="false"/>
								<line number="19" hits="0" branch="false"/>
							</lines>
						</method>
						<method name="welcomeName" signature="(Ljava/lang/String;Lorg/springframework/ui/ModelMap;)Ljava/lang/String;" line-rate="0.0" branch-rate="1.0">
							<lines>
								<line number="25" hits="0" branch="false"/>
								<line number="27" hits="0" branch="false"/>
							</lines>
						</method>
					</methods>
					<lines>
						<line number="13" hits="0" branch="false"/>
						<line number="17" hits="0" branch="false"/>
						<line number="19" hits="0" branch="false"/>
						<line number="25" hits="0" branch="false"/>
						<line number="27" hits="0" branch="false"/>
					</lines>
				</class>
				<class name="com.javacodegeeks.controller.Home" filename="com/javacodegeeks/controller/Home.java" line-rate="0.0" branch-rate="1.0" complexity="1.0">
					<methods>
						<method name="&lt;init&gt;" signature="()V" line-rate="0.0" branch-rate="1.0">
							<lines>
								<line number="7" hits="0" branch="false"/>
								<line number="8" hits="0" branch="false"/>
							</lines>
						</method>
						<method name="showMessage" signature="()Lorg/springframework/web/servlet/ModelAndView;" line-rate="0.0" branch-rate="1.0">
							<lines>
								<line number="12" hits="0" branch="false"/>
								<line number="13" hits="0" branch="false"/>
							</lines>
						</method>
					</methods>
					<lines>
						<line number="7" hits="0" branch="false"/>
						<line number="8" hits="0" branch="false"/>
						<line number="12" hits="0" branch="false"/>
						<line number="13" hits="0" branch="false"/>
					</lines>
				</class>
			</classes>
		</package>
	</packages>
</coverage>
